Last login: Mon Nov 20 09:28:43 2017 from 192.168.0.143
cd /home/mdp/ui/mdp-manage
unzip -o build-20171123-1200.zip
rm -rf build-20171123-1200.zip
exit
[root@171testpro ~]# cd /home/mdp/ui/mdp-manage
[root@171testpro mdp-manage]# unzip -o build-20171123-1200.zip
Archive:  build-20171123-1200.zip
  inflating: bundle.js               
  inflating: bundle.js.map           
  inflating: index.html              
  inflating: style.css               
  inflating: ace/ace.js              
  inflating: ace/mode-javascript.js  
  inflating: ace/theme-monokai.js    
  inflating: ace/worker-javascript.js  
  inflating: assets/RegionJSON.json  
  inflating: dll/dll.6cc4aef90321795e0a7c.css  
  inflating: dll/dll.6cc4aef90321795e0a7c.js  
  inflating: images/fontawesome-webfont.eot  
  inflating: images/fontawesome-webfont.svg  
  inflating: images/fontawesome-webfont.ttf  
  inflating: images/fontawesome-webfont.woff  
  inflating: images/fontawesome-webfont.woff2  
  inflating: images/ionicons.eot     
  inflating: images/ionicons.svg     
  inflating: images/ionicons.ttf     
  inflating: images/ionicons.woff    
  inflating: scripts/index.b0b397a371388700dce1.js  
  inflating: assets/download/商户上传模板 .xlsx  
  inflating: assets/font/fzyy_gbk.ttf  
  inflating: assets/tree-icons/attribute.png  
  inflating: assets/tree-icons/attribute_item.png  
  inflating: assets/tree-icons/category.png  
  inflating: assets/tree-icons/home.png  
  inflating: assets/img/360-1.png    
  inflating: assets/img/360-2.png    
  inflating: assets/img/360-3.png    
  inflating: assets/img/360.png      
  inflating: assets/img/batb.png     
  inflating: assets/img/center-peaimage.png  
  inflating: assets/img/chrome.png   
  inflating: assets/img/close-blue.png  
  inflating: assets/img/close.png    
  inflating: assets/img/default-doctorhead.png  
  inflating: assets/img/default.png  
  inflating: assets/img/default1.png  
  inflating: assets/img/dicom-nopic.png  
  inflating: assets/img/doctor-report-icon.png  
  inflating: assets/img/edit.png     
  inflating: assets/img/email-logo.png  
  inflating: assets/img/foot-bg.png  
  inflating: assets/img/icon-dicom.png  
  inflating: assets/img/image-group.png  
  inflating: assets/img/image-person.png  
  inflating: assets/img/join_us.png  
  inflating: assets/img/loading.gif  
  inflating: assets/img/login-head.png  
  inflating: assets/img/login_logo.png  
  inflating: assets/img/logo-1.png   
  inflating: assets/img/logo-2.png   
  inflating: assets/img/logo-md.png  
  inflating: assets/img/logo.png     
  inflating: assets/img/mdds_logo.png  
  inflating: assets/img/nopic.png    
  inflating: assets/img/opc_left_icon.png  
  inflating: assets/img/patient-avator.gif  
  inflating: assets/img/peaimage_left_icon.png  
  inflating: assets/img/qc.png       
  inflating: assets/img/qr.jpg       
  inflating: assets/img/questions.png  
  inflating: assets/img/reply_doctor.png  
  inflating: assets/img/reply_help.png  
  inflating: assets/img/reply_person.png  
  inflating: assets/img/report-pass.png  
  inflating: assets/img/report_triangle.png  
  inflating: assets/img/right.png    
  inflating: assets/img/signup-bg.png  
  inflating: assets/img/sina_weibo.png  
  inflating: assets/img/team-error.png  
  inflating: assets/img/test.jpg     
  inflating: assets/img/tree-icon-doctor.png  
  inflating: assets/img/tree-icon-hospital.png  
  inflating: assets/img/tree-icon-org.png  
  inflating: assets/img/user-default.png  
  inflating: assets/img/备案图标.png  
  inflating: dll/images/fontawesome-webfont.eot  
  inflating: dll/images/fontawesome-webfont.svg  
  inflating: dll/images/fontawesome-webfont.ttf  
  inflating: dll/images/fontawesome-webfont.woff  
  inflating: dll/images/fontawesome-webfont.woff2  
  inflating: dll/images/zTreeStandard.png  
  inflating: vendor/ueditor/index.html  
  inflating: vendor/ueditor/ueditor.all.js  
  inflating: vendor/ueditor/ueditor.all.min.js  
  inflating: vendor/ueditor/ueditor.config.js  
  inflating: vendor/ueditor/ueditor.parse.js  
  inflating: vendor/ueditor/ueditor.parse.min.js  
  inflating: assets/img/index/bg1.jpg  
  inflating: assets/img/index/bg2.jpg  
  inflating: assets/img/index/bg3.jpg  
  inflating: assets/img/index/login.png  
  inflating: assets/img/index/logo.png  
  inflating: assets/img/login/1.jpg  
  inflating: assets/img/login/2.jpg  
  inflating: assets/img/login/3.jpg  
  inflating: assets/img/login/4.jpg  
  inflating: assets/img/login/5.jpg  
  inflating: assets/img/mdds/bg.png  
  inflating: assets/img/mdds/logo.png  
  inflating: vendor/ueditor/jsp/config.json  
  inflating: vendor/ueditor/jsp/controller.jsp  
  inflating: vendor/ueditor/dialogs/internal.js  
  inflating: vendor/ueditor/themes/iframe.css  
  inflating: vendor/ueditor/third-party/jquery-1.10.2.js  
  inflating: vendor/ueditor/third-party/jquery-1.10.2.min.js  
  inflating: vendor/ueditor/third-party/jquery-1.10.2.min.map  
  inflating: vendor/ueditor/third-party/xss.min.js  
  inflating: vendor/ueditor/dialogs/anchor/anchor.html  
  inflating: vendor/ueditor/jsp/lib/commons-codec-1.9.jar  
  inflating: vendor/ueditor/jsp/lib/commons-fileupload-1.3.1.jar  
  inflating: vendor/ueditor/jsp/lib/commons-io-2.4.jar  
  inflating: vendor/ueditor/jsp/lib/json.jar  
  inflating: vendor/ueditor/jsp/lib/ueditor-1.1.2.jar  
  inflating: vendor/ueditor/dialogs/attachment/attachment.css  
  inflating: vendor/ueditor/dialogs/attachment/attachment.html  
  inflating: vendor/ueditor/dialogs/attachment/attachment.js  
  inflating: vendor/ueditor/dialogs/background/background.css  
  inflating: vendor/ueditor/dialogs/background/background.html  
  inflating: vendor/ueditor/dialogs/background/background.js  
  inflating: vendor/ueditor/dialogs/charts/chart.config.js  
  inflating: vendor/ueditor/dialogs/charts/charts.css  
  inflating: vendor/ueditor/dialogs/charts/charts.html  
  inflating: vendor/ueditor/dialogs/charts/charts.js  
  inflating: vendor/ueditor/dialogs/emotion/emotion.css  
  inflating: vendor/ueditor/dialogs/emotion/emotion.html  
  inflating: vendor/ueditor/dialogs/emotion/emotion.js  
  inflating: vendor/ueditor/dialogs/gmap/gmap.html  
  inflating: vendor/ueditor/dialogs/help/help.css  
  inflating: vendor/ueditor/dialogs/help/help.html  
  inflating: vendor/ueditor/dialogs/help/help.js  
  inflating: vendor/ueditor/dialogs/image/image.css  
  inflating: vendor/ueditor/dialogs/image/image.html  
  inflating: vendor/ueditor/dialogs/image/image.js  
  inflating: vendor/ueditor/dialogs/insertframe/insertframe.html  
  inflating: vendor/ueditor/dialogs/link/link.html  
  inflating: vendor/ueditor/dialogs/map/map.html  
  inflating: vendor/ueditor/dialogs/map/show.html  
  inflating: vendor/ueditor/dialogs/music/music.css  
  inflating: vendor/ueditor/dialogs/music/music.html  
  inflating: vendor/ueditor/dialogs/music/music.js  
  inflating: vendor/ueditor/dialogs/preview/preview.html  
  inflating: vendor/ueditor/dialogs/scrawl/scrawl.css  
  inflating: vendor/ueditor/dialogs/scrawl/scrawl.html  
  inflating: vendor/ueditor/dialogs/scrawl/scrawl.js  
  inflating: vendor/ueditor/dialogs/searchreplace/searchreplace.html  
  inflating: vendor/ueditor/dialogs/searchreplace/searchreplace.js  
  inflating: vendor/ueditor/dialogs/snapscreen/snapscreen.html  
  inflating: vendor/ueditor/dialogs/spechars/spechars.html  
  inflating: vendor/ueditor/dialogs/spechars/spechars.js  
  inflating: vendor/ueditor/dialogs/table/dragicon.png  
  inflating: vendor/ueditor/dialogs/table/edittable.css  
  inflating: vendor/ueditor/dialogs/table/edittable.html  
  inflating: vendor/ueditor/dialogs/table/edittable.js  
  inflating: vendor/ueditor/dialogs/table/edittd.html  
  inflating: vendor/ueditor/dialogs/table/edittip.html  
  inflating: vendor/ueditor/dialogs/template/config.js  
  inflating: vendor/ueditor/dialogs/template/template.css  
  inflating: vendor/ueditor/dialogs/template/template.html  
  inflating: vendor/ueditor/dialogs/template/template.js  
  inflating: vendor/ueditor/dialogs/video/video.css  
  inflating: vendor/ueditor/dialogs/video/video.html  
  inflating: vendor/ueditor/dialogs/video/video.js  
  inflating: vendor/ueditor/dialogs/webapp/webapp.html  
  inflating: vendor/ueditor/dialogs/wordimage/fClipboard_ueditor.swf  
  inflating: vendor/ueditor/dialogs/wordimage/imageUploader.swf  
  inflating: vendor/ueditor/dialogs/wordimage/tangram.js  
  inflating: vendor/ueditor/dialogs/wordimage/wordimage.html  
  inflating: vendor/ueditor/dialogs/wordimage/wordimage.js  
  inflating: vendor/ueditor/lang/en/en.js  
  inflating: vendor/ueditor/lang/zh-cn/zh-cn.js  
  inflating: vendor/ueditor/themes/default/dialogbase.css  
  inflating: vendor/ueditor/third-party/codemirror/codemirror.css  
  inflating: vendor/ueditor/third-party/codemirror/codemirror.js  
  inflating: vendor/ueditor/third-party/highcharts/highcharts-more.js  
  inflating: vendor/ueditor/third-party/highcharts/highcharts-more.src.js  
  inflating: vendor/ueditor/third-party/highcharts/highcharts.js  
  inflating: vendor/ueditor/third-party/highcharts/highcharts.src.js  
  inflating: vendor/ueditor/third-party/SyntaxHighlighter/shCore.js  
  inflating: vendor/ueditor/third-party/SyntaxHighlighter/shCoreDefault.css  
  inflating: vendor/ueditor/third-party/video-js/video-js.css  
  inflating: vendor/ueditor/third-party/video-js/video-js.min.css  
  inflating: vendor/ueditor/third-party/video-js/video-js.swf  
  inflating: vendor/ueditor/third-party/video-js/video.dev.js  
  inflating: vendor/ueditor/third-party/video-js/video.js  
  inflating: vendor/ueditor/third-party/snapscreen/UEditorSnapscreen.exe  
  inflating: vendor/ueditor/third-party/webuploader/Uploader.swf  
  inflating: vendor/ueditor/third-party/webuploader/webuploader.css  
  inflating: vendor/ueditor/third-party/webuploader/webuploader.custom.js  
  inflating: vendor/ueditor/third-party/webuploader/webuploader.custom.min.js  
  inflating: vendor/ueditor/third-party/webuploader/webuploader.flashonly.js  
  inflating: vendor/ueditor/third-party/webuploader/webuploader.flashonly.min.js  
  inflating: vendor/ueditor/third-party/webuploader/webuploader.html5only.js  
  inflating: vendor/ueditor/third-party/webuploader/webuploader.html5only.min.js  
  inflating: vendor/ueditor/third-party/webuploader/webuploader.js  
  inflating: vendor/ueditor/third-party/webuploader/webuploader.min.js  
  inflating: vendor/ueditor/third-party/webuploader/webuploader.withoutimage.js  
  inflating: vendor/ueditor/third-party/webuploader/webuploader.withoutimage.min.js  
  inflating: vendor/ueditor/third-party/zeroclipboard/ZeroClipboard.js  
  inflating: vendor/ueditor/third-party/zeroclipboard/ZeroClipboard.min.js  
  inflating: vendor/ueditor/third-party/zeroclipboard/ZeroClipboard.swf  
  inflating: vendor/ueditor/dialogs/background/images/bg.png  
  inflating: vendor/ueditor/dialogs/background/images/success.png  
  inflating: vendor/ueditor/dialogs/attachment/fileTypeImages/icon_chm.gif  
  inflating: vendor/ueditor/dialogs/attachment/fileTypeImages/icon_default.png  
  inflating: vendor/ueditor/dialogs/attachment/fileTypeImages/icon_doc.gif  
  inflating: vendor/ueditor/dialogs/attachment/fileTypeImages/icon_exe.gif  
  inflating: vendor/ueditor/dialogs/attachment/fileTypeImages/icon_jpg.gif  
  inflating: vendor/ueditor/dialogs/attachment/fileTypeImages/icon_mp3.gif  
  inflating: vendor/ueditor/dialogs/attachment/fileTypeImages/icon_mv.gif  
  inflating: vendor/ueditor/dialogs/attachment/fileTypeImages/icon_pdf.gif  
  inflating: vendor/ueditor/dialogs/attachment/fileTypeImages/icon_ppt.gif  
  inflating: vendor/ueditor/dialogs/attachment/fileTypeImages/icon_psd.gif  
  inflating: vendor/ueditor/dialogs/attachment/fileTypeImages/icon_rar.gif  
  inflating: vendor/ueditor/dialogs/attachment/fileTypeImages/icon_txt.gif  
  inflating: vendor/ueditor/dialogs/attachment/fileTypeImages/icon_xls.gif  
  inflating: vendor/ueditor/dialogs/attachment/images/alignicon.gif  
  inflating: vendor/ueditor/dialogs/attachment/images/alignicon.png  
  inflating: vendor/ueditor/dialogs/attachment/images/bg.png  
  inflating: vendor/ueditor/dialogs/attachment/images/file-icons.gif  
  inflating: vendor/ueditor/dialogs/attachment/images/file-icons.png  
  inflating: vendor/ueditor/dialogs/attachment/images/icons.gif  
  inflating: vendor/ueditor/dialogs/attachment/images/icons.png  
  inflating: vendor/ueditor/dialogs/attachment/images/image.png  
  inflating: vendor/ueditor/dialogs/attachment/images/progress.png  
  inflating: vendor/ueditor/dialogs/attachment/images/success.gif  
  inflating: vendor/ueditor/dialogs/attachment/images/success.png  
  inflating: vendor/ueditor/dialogs/charts/images/charts0.png  
  inflating: vendor/ueditor/dialogs/charts/images/charts1.png  
  inflating: vendor/ueditor/dialogs/charts/images/charts2.png  
  inflating: vendor/ueditor/dialogs/charts/images/charts3.png  
  inflating: vendor/ueditor/dialogs/charts/images/charts4.png  
  inflating: vendor/ueditor/dialogs/charts/images/charts5.png  
  inflating: vendor/ueditor/dialogs/emotion/images/0.gif  
  inflating: vendor/ueditor/dialogs/emotion/images/bface.gif  
  inflating: vendor/ueditor/dialogs/emotion/images/cface.gif  
  inflating: vendor/ueditor/dialogs/emotion/images/fface.gif  
  inflating: vendor/ueditor/dialogs/emotion/images/jxface2.gif  
  inflating: vendor/ueditor/dialogs/emotion/images/neweditor-tab-bg.png  
  inflating: vendor/ueditor/dialogs/emotion/images/tface.gif  
  inflating: vendor/ueditor/dialogs/emotion/images/wface.gif  
  inflating: vendor/ueditor/dialogs/emotion/images/yface.gif  
  inflating: vendor/ueditor/dialogs/image/images/alignicon.jpg  
  inflating: vendor/ueditor/dialogs/image/images/bg.png  
  inflating: vendor/ueditor/dialogs/image/images/icons.gif  
  inflating: vendor/ueditor/dialogs/image/images/icons.png  
  inflating: vendor/ueditor/dialogs/image/images/image.png  
  inflating: vendor/ueditor/dialogs/image/images/progress.png  
  inflating: vendor/ueditor/dialogs/image/images/success.gif  
  inflating: vendor/ueditor/dialogs/image/images/success.png  
  inflating: vendor/ueditor/dialogs/template/images/bg.gif  
  inflating: vendor/ueditor/dialogs/template/images/pre0.png  
  inflating: vendor/ueditor/dialogs/template/images/pre1.png  
  inflating: vendor/ueditor/dialogs/template/images/pre2.png  
  inflating: vendor/ueditor/dialogs/template/images/pre3.png  
  inflating: vendor/ueditor/dialogs/template/images/pre4.png  
  inflating: vendor/ueditor/dialogs/video/images/bg.png  
  inflating: vendor/ueditor/dialogs/video/images/center_focus.jpg  
  inflating: vendor/ueditor/dialogs/video/images/file-icons.gif  
  inflating: vendor/ueditor/dialogs/video/images/file-icons.png  
  inflating: vendor/ueditor/dialogs/video/images/icons.gif  
  inflating: vendor/ueditor/dialogs/video/images/icons.png  
  inflating: vendor/ueditor/dialogs/video/images/image.png  
  inflating: vendor/ueditor/dialogs/video/images/left_focus.jpg  
  inflating: vendor/ueditor/dialogs/video/images/none_focus.jpg  
  inflating: vendor/ueditor/dialogs/video/images/progress.png  
  inflating: vendor/ueditor/dialogs/video/images/right_focus.jpg  
  inflating: vendor/ueditor/dialogs/video/images/success.gif  
  inflating: vendor/ueditor/dialogs/video/images/success.png  
  inflating: vendor/ueditor/lang/en/images/addimage.png  
  inflating: vendor/ueditor/lang/en/images/alldeletebtnhoverskin.png  
  inflating: vendor/ueditor/lang/en/images/alldeletebtnupskin.png  
  inflating: vendor/ueditor/lang/en/images/background.png  
  inflating: vendor/ueditor/lang/en/images/button.png  
  inflating: vendor/ueditor/lang/en/images/copy.png  
  inflating: vendor/ueditor/lang/en/images/deletedisable.png  
  inflating: vendor/ueditor/lang/en/images/deleteenable.png  
  inflating: vendor/ueditor/lang/en/images/listbackground.png  
  inflating: vendor/ueditor/lang/en/images/localimage.png  
  inflating: vendor/ueditor/lang/en/images/music.png  
  inflating: vendor/ueditor/lang/en/images/rotateleftdisable.png  
  inflating: vendor/ueditor/lang/en/images/rotateleftenable.png  
  inflating: vendor/ueditor/lang/en/images/rotaterightdisable.png  
  inflating: vendor/ueditor/lang/en/images/rotaterightenable.png  
  inflating: vendor/ueditor/lang/en/images/upload.png  
  inflating: vendor/ueditor/themes/default/css/ueditor.css  
  inflating: vendor/ueditor/themes/default/css/ueditor.min.css  
  inflating: vendor/ueditor/lang/zh-cn/images/copy.png  
  inflating: vendor/ueditor/lang/zh-cn/images/localimage.png  
  inflating: vendor/ueditor/lang/zh-cn/images/music.png  
  inflating: vendor/ueditor/lang/zh-cn/images/upload.png  
  inflating: vendor/ueditor/third-party/highcharts/adapters/mootools-adapter.js  
  inflating: vendor/ueditor/third-party/highcharts/adapters/mootools-adapter.src.js  
  inflating: vendor/ueditor/third-party/highcharts/adapters/prototype-adapter.js  
  inflating: vendor/ueditor/third-party/highcharts/adapters/prototype-adapter.src.js  
  inflating: vendor/ueditor/third-party/highcharts/adapters/standalone-framework.js  
  inflating: vendor/ueditor/third-party/highcharts/adapters/standalone-framework.src.js  
  inflating: vendor/ueditor/themes/default/images/anchor.gif  
  inflating: vendor/ueditor/themes/default/images/arrow.png  
  inflating: vendor/ueditor/themes/default/images/arrow_down.png  
  inflating: vendor/ueditor/themes/default/images/arrow_up.png  
  inflating: vendor/ueditor/themes/default/images/button-bg.gif  
  inflating: vendor/ueditor/themes/default/images/cancelbutton.gif  
  inflating: vendor/ueditor/themes/default/images/charts.png  
  inflating: vendor/ueditor/themes/default/images/cursor_h.gif  
  inflating: vendor/ueditor/themes/default/images/cursor_h.png  
  inflating: vendor/ueditor/themes/default/images/cursor_v.gif  
  inflating: vendor/ueditor/themes/default/images/cursor_v.png  
  inflating: vendor/ueditor/themes/default/images/dialog-title-bg.png  
  inflating: vendor/ueditor/themes/default/images/filescan.png  
  inflating: vendor/ueditor/themes/default/images/highlighted.gif  
  inflating: vendor/ueditor/themes/default/images/icons-all.gif  
  inflating: vendor/ueditor/themes/default/images/icons.gif  
  inflating: vendor/ueditor/themes/default/images/icons.png  
  inflating: vendor/ueditor/themes/default/images/loaderror.png  
  inflating: vendor/ueditor/themes/default/images/loading.gif  
  inflating: vendor/ueditor/themes/default/images/lock.gif  
  inflating: vendor/ueditor/themes/default/images/neweditor-tab-bg.png  
  inflating: vendor/ueditor/themes/default/images/pagebreak.gif  
  inflating: vendor/ueditor/themes/default/images/scale.png  
  inflating: vendor/ueditor/themes/default/images/sortable.png  
  inflating: vendor/ueditor/themes/default/images/spacer.gif  
  inflating: vendor/ueditor/themes/default/images/sparator_v.png  
  inflating: vendor/ueditor/themes/default/images/table-cell-align.png  
  inflating: vendor/ueditor/themes/default/images/tangram-colorpicker.png  
  inflating: vendor/ueditor/themes/default/images/toolbar_bg.png  
  inflating: vendor/ueditor/themes/default/images/unhighlighted.gif  
  inflating: vendor/ueditor/themes/default/images/upload.png  
  inflating: vendor/ueditor/themes/default/images/videologo.gif  
  inflating: vendor/ueditor/themes/default/images/word.gif  
  inflating: vendor/ueditor/themes/default/images/wordpaste.png  
  inflating: vendor/ueditor/third-party/highcharts/themes/dark-blue.js  
  inflating: vendor/ueditor/third-party/highcharts/themes/dark-green.js  
  inflating: vendor/ueditor/third-party/highcharts/themes/gray.js  
  inflating: vendor/ueditor/third-party/highcharts/themes/grid.js  
  inflating: vendor/ueditor/third-party/highcharts/themes/skies.js  
  inflating: vendor/ueditor/third-party/highcharts/modules/annotations.js  
  inflating: vendor/ueditor/third-party/highcharts/modules/annotations.src.js  
  inflating: vendor/ueditor/third-party/highcharts/modules/canvas-tools.js  
  inflating: vendor/ueditor/third-party/highcharts/modules/canvas-tools.src.js  
  inflating: vendor/ueditor/third-party/highcharts/modules/data.js  
  inflating: vendor/ueditor/third-party/highcharts/modules/data.src.js  
  inflating: vendor/ueditor/third-party/highcharts/modules/drilldown.js  
  inflating: vendor/ueditor/third-party/highcharts/modules/drilldown.src.js  
  inflating: vendor/ueditor/third-party/highcharts/modules/exporting.js  
  inflating: vendor/ueditor/third-party/highcharts/modules/exporting.src.js  
  inflating: vendor/ueditor/third-party/highcharts/modules/funnel.js  
  inflating: vendor/ueditor/third-party/highcharts/modules/funnel.src.js  
  inflating: vendor/ueditor/third-party/highcharts/modules/heatmap.js  
  inflating: vendor/ueditor/third-party/highcharts/modules/heatmap.src.js  
  inflating: vendor/ueditor/third-party/highcharts/modules/map.js  
  inflating: vendor/ueditor/third-party/highcharts/modules/map.src.js  
  inflating: vendor/ueditor/third-party/highcharts/modules/no-data-to-display.js  
  inflating: vendor/ueditor/third-party/highcharts/modules/no-data-to-display.src.js  
  inflating: vendor/ueditor/third-party/video-js/font/vjs.eot  
  inflating: vendor/ueditor/third-party/video-js/font/vjs.svg  
  inflating: vendor/ueditor/third-party/video-js/font/vjs.ttf  
  inflating: vendor/ueditor/third-party/video-js/font/vjs.woff  
  inflating: vendor/ueditor/dialogs/scrawl/images/addimg.png  
  inflating: vendor/ueditor/dialogs/scrawl/images/brush.png  
  inflating: vendor/ueditor/dialogs/scrawl/images/delimg.png  
  inflating: vendor/ueditor/dialogs/scrawl/images/delimgH.png  
  inflating: vendor/ueditor/dialogs/scrawl/images/empty.png  
  inflating: vendor/ueditor/dialogs/scrawl/images/emptyH.png  
  inflating: vendor/ueditor/dialogs/scrawl/images/eraser.png  
  inflating: vendor/ueditor/dialogs/scrawl/images/redo.png  
  inflating: vendor/ueditor/dialogs/scrawl/images/redoH.png  
  inflating: vendor/ueditor/dialogs/scrawl/images/scale.png  
  inflating: vendor/ueditor/dialogs/scrawl/images/scaleH.png  
  inflating: vendor/ueditor/dialogs/scrawl/images/size.png  
  inflating: vendor/ueditor/dialogs/scrawl/images/undo.png  
  inflating: vendor/ueditor/dialogs/scrawl/images/undoH.png  
[root@171testpro mdp-manage]# rm -rf build-20171123-1200.zip
[root@171testpro mdp-manage]# exit
logout
